<?xml version="1.0" encoding="UTF-8"?>
<!-- Generated by org.testng.reporters.JUnitReportReporter -->
<testsuite hostname="Gajanans-MacBook-Pro.local" failures="0" tests="1" name="tests.Login" time="16.980" errors="0" timestamp="2024-01-18T16:52:53 IST" skipped="0">
  <testcase classname="tests.Login" name="testLogin" time="16.980"/>
  <system-out/>
</testsuite> <!-- tests.Login -->
